=== ENHANCED ATTENDANCE FORECASTING WITH GREYKITE (OLD CSV SCHEMA) ===

✓ Loaded data: 5391 records from /Users/nikhil.ranka/attendance-analytics-dashboard/Labor_Management-Greykite_Input.csv
Available columns: ['WEEK_NUMBER', 'WORK_LOCATION', 'SHIFT_TIME', 'DEPARTMENT_GROUP', 'WEEKLY_ATTENDANCE_RATE', 'FOUR_WEEK_ROLLING_AVG', 'SIX_WEEK_ROLLING_AVG', 'EXPONENTIAL_SMOOTHING_0_2', 'EXPONENTIAL_SMOOTHING_0_4', 'EXPONENTIAL_SMOOTHING_0_6', 'EXPONENTIAL_SMOOTHING_0_8', 'EXPONENTIAL_SMOOTHING_1']
Using actuals column: 'WEEKLY_ATTENDANCE_RATE'

Applying segment filters:
  WORK_LOCATION == NJ Newark Lister Ave -> 886 rows
  SHIFT_TIME == PM -> 443 rows
  DEPARTMENT_GROUP == Production -> 194 rows

Forecast targets constrained to weeks >= 2025-W28 (start date 2025-07-10)

Grouping by: ['WORK_LOCATION', 'SHIFT_TIME', 'DEPARTMENT_GROUP']

Processing: NJ Newark Lister Ave - PM - Production
Data points: 194
    Greykite for 2025-W28 using 180 weeks up to 2025-W26 (gap=1)
      Greykite error at 2025-W28: "None of [Index(['y'], dtype='object')] are in the [columns]"
    Greykite for 2025-W29 using 181 weeks up to 2025-W27 (gap=1)
      Greykite error at 2025-W29: "None of [Index(['y'], dtype='object')] are in the [columns]"
    Greykite for 2025-W30 using 182 weeks up to 2025-W28 (gap=1)
      Greykite error at 2025-W30: "None of [Index(['y'], dtype='object')] are in the [columns]"
    Greykite for 2025-W31 using 183 weeks up to 2025-W29 (gap=1)
      Greykite error at 2025-W31: "None of [Index(['y'], dtype='object')] are in the [columns]"
    Greykite for 2025-W32 using 184 weeks up to 2025-W30 (gap=1)
      Greykite error at 2025-W32: "None of [Index(['y'], dtype='object')] are in the [columns]"
    Greykite for 2025-W33 using 185 weeks up to 2025-W31 (gap=1)
      Greykite error at 2025-W33: "None of [Index(['y'], dtype='object')] are in the [columns]"
    Greykite for 2025-W34 using 186 weeks up to 2025-W32 (gap=1)
